Analysis & Synthesis report for CheatDevice
Tue Nov 27 01:51:05 2018
Quartus II 64-Bit Version 10.1 Build 197 01/19/2011 Service Pack 1 SJ Web Edition


---------------------
; Table of Contents ;
---------------------
  1. Legal Notice
  2. Analysis & Synthesis Summary
  3. Analysis & Synthesis Settings
  4. Parallel Compilation
  5. Analysis & Synthesis Source Files Read
  6. Analysis & Synthesis Resource Usage Summary
  7. Analysis & Synthesis Resource Utilization by Entity
  8. Analysis & Synthesis RAM Summary
  9. Analysis & Synthesis IP Cores Summary
 10. General Register Statistics
 11. Inverted Register Statistics
 12. Multiplexer Restructuring Statistics (Restructuring Performed)
 13. Source assignments for CheatRom:rom|altsyncram:altsyncram_component|altsyncram_f791:auto_generated
 14. Parameter Settings for User Entity Instance: CheatRom:rom|altsyncram:altsyncram_component
 15. altsyncram Parameter Settings by Entity Instance
 16. Port Connectivity Checks: "CheatCode:cheatCode2"
 17. Port Connectivity Checks: "CheatCode:cheatCode1"
 18. Port Connectivity Checks: "CheatCode:cheatCode0"
 19. Elapsed Time Per Partition
 20. Analysis & Synthesis Messages



----------------
; Legal Notice ;
----------------
Copyright (C) 1991-2011 Altera Corporation
Your use of Altera Corporation's design tools, logic functions 
and other software and tools, and its AMPP partner logic 
functions, and any output files from any of the foregoing 
(including device programming or simulation files), and any 
associated documentation or information are expressly subject 
to the terms and conditions of the Altera Program License 
Subscription Agreement, Altera MegaCore Function License 
Agreement, or other applicable license agreement, including, 
without limitation, that your use is for the sole purpose of 
programming logic devices manufactured by Altera and sold by 
Altera or its authorized distributors.  Please refer to the 
applicable agreement for further details.



+------------------------------------------------------------------------------------+
; Analysis & Synthesis Summary                                                       ;
+------------------------------------+-----------------------------------------------+
; Analysis & Synthesis Status        ; Successful - Tue Nov 27 01:51:05 2018         ;
; Quartus II 64-Bit Version          ; 10.1 Build 197 01/19/2011 SP 1 SJ Web Edition ;
; Revision Name                      ; CheatDevice                                   ;
; Top-level Entity Name              ; CheatDevice                                   ;
; Family                             ; Cyclone IV E                                  ;
; Total logic elements               ; 617                                           ;
;     Total combinational functions  ; 465                                           ;
;     Dedicated logic registers      ; 343                                           ;
; Total registers                    ; 343                                           ;
; Total pins                         ; 51                                            ;
; Total virtual pins                 ; 0                                             ;
; Total memory bits                  ; 32,768                                        ;
; Embedded Multiplier 9-bit elements ; 0                                             ;
; Total PLLs                         ; 0                                             ;
+------------------------------------+-----------------------------------------------+


+----------------------------------------------------------------------------------------------------------------------+
; Analysis & Synthesis Settings                                                                                        ;
+----------------------------------------------------------------------------+--------------------+--------------------+
; Option                                                                     ; Setting            ; Default Value      ;
+----------------------------------------------------------------------------+--------------------+--------------------+
; Device                                                                     ; EP4CE22F17C6       ;                    ;
; Top-level entity name                                                      ; CheatDevice        ; CheatDevice        ;
; Family name                                                                ; Cyclone IV E       ; Cyclone IV GX      ;
; Use smart compilation                                                      ; Off                ; Off                ;
; Enable parallel Assembler and TimeQuest Timing Analyzer during compilation ; On                 ; On                 ;
; Enable compact report table                                                ; Off                ; Off                ;
; Restructure Multiplexers                                                   ; Auto               ; Auto               ;
; Create Debugging Nodes for IP Cores                                        ; Off                ; Off                ;
; Preserve fewer node names                                                  ; On                 ; On                 ;
; Disable OpenCore Plus hardware evaluation                                  ; Off                ; Off                ;
; Verilog Version                                                            ; Verilog_2001       ; Verilog_2001       ;
; VHDL Version                                                               ; VHDL_1993          ; VHDL_1993          ;
; State Machine Processing                                                   ; Auto               ; Auto               ;
; Safe State Machine                                                         ; Off                ; Off                ;
; Extract Verilog State Machines                                             ; On                 ; On                 ;
; Extract VHDL State Machines                                                ; On                 ; On                 ;
; Ignore Verilog initial constructs                                          ; Off                ; Off                ;
; Iteration limit for constant Verilog loops                                 ; 5000               ; 5000               ;
; Iteration limit for non-constant Verilog loops                             ; 250                ; 250                ;
; Add Pass-Through Logic to Inferred RAMs                                    ; On                 ; On                 ;
; Parallel Synthesis                                                         ; On                 ; On                 ;
; DSP Block Balancing                                                        ; Auto               ; Auto               ;
; NOT Gate Push-Back                                                         ; On                 ; On                 ;
; Power-Up Don't Care                                                        ; On                 ; On                 ;
; Remove Redundant Logic Cells                                               ; Off                ; Off                ;
; Remove Duplicate Registers                                                 ; On                 ; On                 ;
; Ignore CARRY Buffers                                                       ; Off                ; Off                ;
; Ignore CASCADE Buffers                                                     ; Off                ; Off                ;
; Ignore GLOBAL Buffers                                                      ; Off                ; Off                ;
; Ignore ROW GLOBAL Buffers                                                  ; Off                ; Off                ;
; Ignore LCELL Buffers                                                       ; Off                ; Off                ;
; Ignore SOFT Buffers                                                        ; On                 ; On                 ;
; Limit AHDL Integers to 32 Bits                                             ; Off                ; Off                ;
; Optimization Technique                                                     ; Balanced           ; Balanced           ;
; Carry Chain Length                                                         ; 70                 ; 70                 ;
; Auto Carry Chains                                                          ; On                 ; On                 ;
; Auto Open-Drain Pins                                                       ; On                 ; On                 ;
; Perform WYSIWYG Primitive Resynthesis                                      ; Off                ; Off                ;
; Auto ROM Replacement                                                       ; On                 ; On                 ;
; Auto RAM Replacement                                                       ; On                 ; On                 ;
; Auto DSP Block Replacement                                                 ; On                 ; On                 ;
; Auto Shift Register Replacement                                            ; Auto               ; Auto               ;
; Auto Clock Enable Replacement                                              ; On                 ; On                 ;
; Strict RAM Replacement                                                     ; Off                ; Off                ;
; Allow Synchronous Control Signals                                          ; On                 ; On                 ;
; Force Use of Synchronous Clear Signals                                     ; Off                ; Off                ;
; Auto RAM Block Balancing                                                   ; On                 ; On                 ;
; Auto RAM to Logic Cell Conversion                                          ; Off                ; Off                ;
; Auto Resource Sharing                                                      ; Off                ; Off                ;
; Allow Any RAM Size For Recognition                                         ; Off                ; Off                ;
; Allow Any ROM Size For Recognition                                         ; Off                ; Off                ;
; Allow Any Shift Register Size For Recognition                              ; Off                ; Off                ;
; Use LogicLock Constraints during Resource Balancing                        ; On                 ; On                 ;
; Ignore translate_off and synthesis_off directives                          ; Off                ; Off                ;
; Timing-Driven Synthesis                                                    ; On                 ; On                 ;
; Report Parameter Settings                                                  ; On                 ; On                 ;
; Report Source Assignments                                                  ; On                 ; On                 ;
; Report Connectivity Checks                                                 ; On                 ; On                 ;
; Ignore Maximum Fan-Out Assignments                                         ; Off                ; Off                ;
; Synchronization Register Chain Length                                      ; 2                  ; 2                  ;
; PowerPlay Power Optimization                                               ; Normal compilation ; Normal compilation ;
; HDL message level                                                          ; Level2             ; Level2             ;
; Suppress Register Optimization Related Messages                            ; Off                ; Off                ;
; Number of Removed Registers Reported in Synthesis Report                   ; 5000               ; 5000               ;
; Number of Inverted Registers Reported in Synthesis Report                  ; 100                ; 100                ;
; Clock MUX Protection                                                       ; On                 ; On                 ;
; Auto Gated Clock Conversion                                                ; Off                ; Off                ;
; Block Design Naming                                                        ; Auto               ; Auto               ;
; SDC constraint protection                                                  ; Off                ; Off                ;
; Synthesis Effort                                                           ; Auto               ; Auto               ;
; Shift Register Replacement - Allow Asynchronous Clear Signal               ; On                 ; On                 ;
; Analysis & Synthesis Message Level                                         ; Medium             ; Medium             ;
; Disable Register Merging Across Hierarchies                                ; Auto               ; Auto               ;
; Resource Aware Inference For Block RAM                                     ; On                 ; On                 ;
; Synthesis Seed                                                             ; 1                  ; 1                  ;
+----------------------------------------------------------------------------+--------------------+--------------------+


Parallel compilation was disabled, but you have multiple processors available. Enable parallel compilation to reduce compilation time.
+-------------------------------------+
; Parallel Compilation                ;
+----------------------------+--------+
; Processors                 ; Number ;
+----------------------------+--------+
; Number detected on machine ; 4      ;
; Maximum allowed            ; 1      ;
+----------------------------+--------+


+----------------------------------------------------------------------------------------------------------------------------------------------------------------------------+
; Analysis & Synthesis Source Files Read                                                                                                                                     ;
+----------------------------------+-----------------+----------------------------------------+------------------------------------------------------------------------------+
; File Name with User-Entered Path ; Used in Netlist ; File Type                              ; File Name with Absolute Path                                                 ;
+----------------------------------+-----------------+----------------------------------------+------------------------------------------------------------------------------+
; CheatCode.v                      ; yes             ; User Verilog HDL File                  ; C:/Users/Andy/Desktop/cheat-2600/src/fpga/CheatDevice/CheatCode.v            ;
; CheatDevice.v                    ; yes             ; User Verilog HDL File                  ; C:/Users/Andy/Desktop/cheat-2600/src/fpga/CheatDevice/CheatDevice.v          ;
; CheatRom.v                       ; yes             ; User Wizard-Generated File             ; C:/Users/Andy/Desktop/cheat-2600/src/fpga/CheatDevice/CheatRom.v             ;
; altsyncram.tdf                   ; yes             ; Megafunction                           ; c:/altera/10.1sp1/quartus/libraries/megafunctions/altsyncram.tdf             ;
; db/altsyncram_f791.tdf           ; yes             ; Auto-Generated Megafunction            ; C:/Users/Andy/Desktop/cheat-2600/src/fpga/CheatDevice/db/altsyncram_f791.tdf ;
; cheat.hex                        ; yes             ; Auto-Found Memory Initialization File  ; C:/Users/Andy/Desktop/cheat-2600/src/fpga/CheatDevice/cheat.hex              ;
+----------------------------------+-----------------+----------------------------------------+------------------------------------------------------------------------------+


+--------------------------------------------------------------+
; Analysis & Synthesis Resource Usage Summary                  ;
+---------------------------------------------+----------------+
; Resource                                    ; Usage          ;
+---------------------------------------------+----------------+
; Estimated Total logic elements              ; 617            ;
;                                             ;                ;
; Total combinational functions               ; 465            ;
; Logic element usage by number of LUT inputs ;                ;
;     -- 4 input functions                    ; 275            ;
;     -- 3 input functions                    ; 65             ;
;     -- <=2 input functions                  ; 125            ;
;                                             ;                ;
; Logic elements by mode                      ;                ;
;     -- normal mode                          ; 446            ;
;     -- arithmetic mode                      ; 19             ;
;                                             ;                ;
; Total registers                             ; 343            ;
;     -- Dedicated logic registers            ; 343            ;
;     -- I/O registers                        ; 0              ;
;                                             ;                ;
; I/O pins                                    ; 51             ;
; Total memory bits                           ; 32768          ;
; Maximum fan-out node                        ; CLOCK_50~input ;
; Maximum fan-out                             ; 351            ;
; Total fan-out                               ; 2680           ;
; Average fan-out                             ; 2.92           ;
+---------------------------------------------+----------------+


+-----------------------------------------------------------------------------------------------------------------------------------------------------------------------------------------------------------------------------------------------------------------+
; Analysis & Synthesis Resource Utilization by Entity                                                                                                                                                                                                             ;
+-------------------------------------------+-------------------+--------------+-------------+--------------+---------+-----------+------+--------------+------------------------------------------------------------------------------------------+--------------+
; Compilation Hierarchy Node                ; LC Combinationals ; LC Registers ; Memory Bits ; DSP Elements ; DSP 9x9 ; DSP 18x18 ; Pins ; Virtual Pins ; Full Hierarchy Name                                                                      ; Library Name ;
+-------------------------------------------+-------------------+--------------+-------------+--------------+---------+-----------+------+--------------+------------------------------------------------------------------------------------------+--------------+
; |CheatDevice                              ; 465 (327)         ; 343 (220)    ; 32768       ; 0            ; 0       ; 0         ; 51   ; 0            ; |CheatDevice                                                                             ;              ;
;    |CheatCode:cheatCode0|                 ; 46 (46)           ; 41 (41)      ; 0           ; 0            ; 0       ; 0         ; 0    ; 0            ; |CheatDevice|CheatCode:cheatCode0                                                        ;              ;
;    |CheatCode:cheatCode1|                 ; 46 (46)           ; 41 (41)      ; 0           ; 0            ; 0       ; 0         ; 0    ; 0            ; |CheatDevice|CheatCode:cheatCode1                                                        ;              ;
;    |CheatCode:cheatCode2|                 ; 46 (46)           ; 41 (41)      ; 0           ; 0            ; 0       ; 0         ; 0    ; 0            ; |CheatDevice|CheatCode:cheatCode2                                                        ;              ;
;    |CheatRom:rom|                         ; 0 (0)             ; 0 (0)        ; 32768       ; 0            ; 0       ; 0         ; 0    ; 0            ; |CheatDevice|CheatRom:rom                                                                ;              ;
;       |altsyncram:altsyncram_component|   ; 0 (0)             ; 0 (0)        ; 32768       ; 0            ; 0       ; 0         ; 0    ; 0            ; |CheatDevice|CheatRom:rom|altsyncram:altsyncram_component                                ;              ;
;          |altsyncram_f791:auto_generated| ; 0 (0)             ; 0 (0)        ; 32768       ; 0            ; 0       ; 0         ; 0    ; 0            ; |CheatDevice|CheatRom:rom|altsyncram:altsyncram_component|altsyncram_f791:auto_generated ;              ;
+-------------------------------------------+-------------------+--------------+-------------+--------------+---------+-----------+------+--------------+------------------------------------------------------------------------------------------+--------------+
Note: For table entries with two numbers listed, the numbers in parentheses indicate the number of resources of the given type used by the specific entity alone. The numbers listed outside of parentheses indicate the total resources of the given type used by the specific entity and all of its sub-entities in the hierarchy.


+--------------------------------------------------------------------------------------------------------------------------------------------------------------------------------------+
; Analysis & Synthesis RAM Summary                                                                                                                                                     ;
+----------------------------------------------------------------------------------------+------+------+--------------+--------------+--------------+--------------+-------+-----------+
; Name                                                                                   ; Type ; Mode ; Port A Depth ; Port A Width ; Port B Depth ; Port B Width ; Size  ; MIF       ;
+----------------------------------------------------------------------------------------+------+------+--------------+--------------+--------------+--------------+-------+-----------+
; CheatRom:rom|altsyncram:altsyncram_component|altsyncram_f791:auto_generated|ALTSYNCRAM ; AUTO ; ROM  ; 4096         ; 8            ; --           ; --           ; 32768 ; cheat.hex ;
+----------------------------------------------------------------------------------------+------+------+--------------+--------------+--------------+--------------+-------+-----------+


+--------------------------------------------------------------------------------------------------------------------------------------------------------------+
; Analysis & Synthesis IP Cores Summary                                                                                                                        ;
+--------+--------------+---------+--------------+--------------+---------------------------+------------------------------------------------------------------+
; Vendor ; IP Core Name ; Version ; Release Date ; License Type ; Entity Instance           ; IP Include File                                                  ;
+--------+--------------+---------+--------------+--------------+---------------------------+------------------------------------------------------------------+
; Altera ; ROM: 1-PORT  ; 10.1    ; N/A          ; N/A          ; |CheatDevice|CheatRom:rom ; C:/Users/Andy/Desktop/cheat-2600/src/fpga/CheatDevice/CheatRom.v ;
+--------+--------------+---------+--------------+--------------+---------------------------+------------------------------------------------------------------+


+------------------------------------------------------+
; General Register Statistics                          ;
+----------------------------------------------+-------+
; Statistic                                    ; Value ;
+----------------------------------------------+-------+
; Total registers                              ; 343   ;
; Number of registers using Synchronous Clear  ; 0     ;
; Number of registers using Synchronous Load   ; 8     ;
; Number of registers using Asynchronous Clear ; 0     ;
; Number of registers using Asynchronous Load  ; 0     ;
; Number of registers using Clock Enable       ; 273   ;
; Number of registers using Preset             ; 0     ;
+----------------------------------------------+-------+


+---------------------------------------------------+
; Inverted Register Statistics                      ;
+-----------------------------------------+---------+
; Inverted Register                       ; Fan out ;
+-----------------------------------------+---------+
; showCheatUI                             ; 88      ;
; cheatDigits[1]                          ; 4       ;
; cheatDigits[9]                          ; 4       ;
; cheatDigits[17]                         ; 4       ;
; cheatDigits[25]                         ; 4       ;
; cheatDigits[33]                         ; 4       ;
; cheatDigits[49]                         ; 4       ;
; cheatDigits[41]                         ; 4       ;
; cheatDigits[57]                         ; 4       ;
; cheatDigits[105]                        ; 4       ;
; cheatDigits[97]                         ; 4       ;
; cheatDigits[113]                        ; 4       ;
; cheatDigits[81]                         ; 4       ;
; cheatDigits[73]                         ; 4       ;
; cheatDigits[65]                         ; 4       ;
; cheatDigits[89]                         ; 4       ;
; Total number of inverted registers = 16 ;         ;
+-----------------------------------------+---------+


+-------------------------------------------------------------------------------------------------------------------------------------------------+
; Multiplexer Restructuring Statistics (Restructuring Performed)                                                                                  ;
+--------------------+-----------+---------------+----------------------+------------------------+------------+-----------------------------------+
; Multiplexer Inputs ; Bus Width ; Baseline Area ; Area if Restructured ; Saving if Restructured ; Registered ; Example Multiplexer Output        ;
+--------------------+-----------+---------------+----------------------+------------------------+------------+-----------------------------------+
; 5:1                ; 13 bits   ; 39 LEs        ; 13 LEs               ; 26 LEs                 ; Yes        ; |CheatDevice|bufferedAddress[0]   ;
; 4:1                ; 8 bits    ; 16 LEs        ; 16 LEs               ; 0 LEs                  ; Yes        ; |CheatDevice|replacementData[0]   ;
; 7:1                ; 5 bits    ; 20 LEs        ; 5 LEs                ; 15 LEs                 ; Yes        ; |CheatDevice|cheatDigits[14]      ;
; 7:1                ; 5 bits    ; 20 LEs        ; 5 LEs                ; 15 LEs                 ; Yes        ; |CheatDevice|cheatDigits[18]      ;
; 7:1                ; 5 bits    ; 20 LEs        ; 5 LEs                ; 15 LEs                 ; Yes        ; |CheatDevice|cheatDigits[28]      ;
; 7:1                ; 5 bits    ; 20 LEs        ; 5 LEs                ; 15 LEs                 ; Yes        ; |CheatDevice|cheatDigits[37]      ;
; 7:1                ; 5 bits    ; 20 LEs        ; 5 LEs                ; 15 LEs                 ; Yes        ; |CheatDevice|cheatDigits[43]      ;
; 7:1                ; 5 bits    ; 20 LEs        ; 5 LEs                ; 15 LEs                 ; Yes        ; |CheatDevice|cheatDigits[50]      ;
; 7:1                ; 5 bits    ; 20 LEs        ; 5 LEs                ; 15 LEs                 ; Yes        ; |CheatDevice|cheatDigits[60]      ;
; 7:1                ; 5 bits    ; 20 LEs        ; 5 LEs                ; 15 LEs                 ; Yes        ; |CheatDevice|cheatDigits[68]      ;
; 7:1                ; 5 bits    ; 20 LEs        ; 5 LEs                ; 15 LEs                 ; Yes        ; |CheatDevice|cheatDigits[77]      ;
; 7:1                ; 5 bits    ; 20 LEs        ; 5 LEs                ; 15 LEs                 ; Yes        ; |CheatDevice|cheatDigits[85]      ;
; 7:1                ; 5 bits    ; 20 LEs        ; 5 LEs                ; 15 LEs                 ; Yes        ; |CheatDevice|cheatDigits[93]      ;
; 7:1                ; 5 bits    ; 20 LEs        ; 5 LEs                ; 15 LEs                 ; Yes        ; |CheatDevice|cheatDigits[101]     ;
; 7:1                ; 5 bits    ; 20 LEs        ; 5 LEs                ; 15 LEs                 ; Yes        ; |CheatDevice|cheatDigits[108]     ;
; 7:1                ; 5 bits    ; 20 LEs        ; 5 LEs                ; 15 LEs                 ; Yes        ; |CheatDevice|cheatDigits[117]     ;
; 7:1                ; 6 bits    ; 24 LEs        ; 6 LEs                ; 18 LEs                 ; Yes        ; |CheatDevice|cheatDigits[2]       ;
; 3:1                ; 8 bits    ; 16 LEs        ; 16 LEs               ; 0 LEs                  ; Yes        ; |CheatDevice|CONSOLE_DATA[7]~reg0 ;
; 16:1               ; 8 bits    ; 80 LEs        ; 80 LEs               ; 0 LEs                  ; No         ; |CheatDevice|Mux1                 ;
+--------------------+-----------+---------------+----------------------+------------------------+------------+-----------------------------------+


+----------------------------------------------------------------------------------------------------+
; Source assignments for CheatRom:rom|altsyncram:altsyncram_component|altsyncram_f791:auto_generated ;
+---------------------------------+--------------------+------+--------------------------------------+
; Assignment                      ; Value              ; From ; To                                   ;
+---------------------------------+--------------------+------+--------------------------------------+
; OPTIMIZE_POWER_DURING_SYNTHESIS ; NORMAL_COMPILATION ; -    ; -                                    ;
+---------------------------------+--------------------+------+--------------------------------------+


+-------------------------------------------------------------------------------------------+
; Parameter Settings for User Entity Instance: CheatRom:rom|altsyncram:altsyncram_component ;
+------------------------------------+----------------------+-------------------------------+
; Parameter Name                     ; Value                ; Type                          ;
+------------------------------------+----------------------+-------------------------------+
; BYTE_SIZE_BLOCK                    ; 8                    ; Untyped                       ;
; AUTO_CARRY_CHAINS                  ; ON                   ; AUTO_CARRY                    ;
; IGNORE_CARRY_BUFFERS               ; OFF                  ; IGNORE_CARRY                  ;
; AUTO_CASCADE_CHAINS                ; ON                   ; AUTO_CASCADE                  ;
; IGNORE_CASCADE_BUFFERS             ; OFF                  ; IGNORE_CASCADE                ;
; WIDTH_BYTEENA                      ; 1                    ; Untyped                       ;
; OPERATION_MODE                     ; ROM                  ; Untyped                       ;
; WIDTH_A                            ; 8                    ; Signed Integer                ;
; WIDTHAD_A                          ; 12                   ; Signed Integer                ;
; NUMWORDS_A                         ; 4096                 ; Signed Integer                ;
; OUTDATA_REG_A                      ; CLOCK0               ; Untyped                       ;
; ADDRESS_ACLR_A                     ; NONE                 ; Untyped                       ;
; OUTDATA_ACLR_A                     ; NONE                 ; Untyped                       ;
; WRCONTROL_ACLR_A                   ; NONE                 ; Untyped                       ;
; INDATA_ACLR_A                      ; NONE                 ; Untyped                       ;
; BYTEENA_ACLR_A                     ; NONE                 ; Untyped                       ;
; WIDTH_B                            ; 1                    ; Untyped                       ;
; WIDTHAD_B                          ; 1                    ; Untyped                       ;
; NUMWORDS_B                         ; 1                    ; Untyped                       ;
; INDATA_REG_B                       ; CLOCK1               ; Untyped                       ;
; WRCONTROL_WRADDRESS_REG_B          ; CLOCK1               ; Untyped                       ;
; RDCONTROL_REG_B                    ; CLOCK1               ; Untyped                       ;
; ADDRESS_REG_B                      ; CLOCK1               ; Untyped                       ;
; OUTDATA_REG_B                      ; UNREGISTERED         ; Untyped                       ;
; BYTEENA_REG_B                      ; CLOCK1               ; Untyped                       ;
; INDATA_ACLR_B                      ; NONE                 ; Untyped                       ;
; WRCONTROL_ACLR_B                   ; NONE                 ; Untyped                       ;
; ADDRESS_ACLR_B                     ; NONE                 ; Untyped                       ;
; OUTDATA_ACLR_B                     ; NONE                 ; Untyped                       ;
; RDCONTROL_ACLR_B                   ; NONE                 ; Untyped                       ;
; BYTEENA_ACLR_B                     ; NONE                 ; Untyped                       ;
; WIDTH_BYTEENA_A                    ; 1                    ; Signed Integer                ;
; WIDTH_BYTEENA_B                    ; 1                    ; Untyped                       ;
; RAM_BLOCK_TYPE                     ; AUTO                 ; Untyped                       ;
; BYTE_SIZE                          ; 8                    ; Untyped                       ;
; READ_DURING_WRITE_MODE_MIXED_PORTS ; DONT_CARE            ; Untyped                       ;
; READ_DURING_WRITE_MODE_PORT_A      ; NEW_DATA_NO_NBE_READ ; Untyped                       ;
; READ_DURING_WRITE_MODE_PORT_B      ; NEW_DATA_NO_NBE_READ ; Untyped                       ;
; INIT_FILE                          ; cheat.hex            ; Untyped                       ;
; INIT_FILE_LAYOUT                   ; PORT_A               ; Untyped                       ;
; MAXIMUM_DEPTH                      ; 0                    ; Untyped                       ;
; CLOCK_ENABLE_INPUT_A               ; BYPASS               ; Untyped                       ;
; CLOCK_ENABLE_INPUT_B               ; NORMAL               ; Untyped                       ;
; CLOCK_ENABLE_OUTPUT_A              ; BYPASS               ; Untyped                       ;
; CLOCK_ENABLE_OUTPUT_B              ; NORMAL               ; Untyped                       ;
; CLOCK_ENABLE_CORE_A                ; USE_INPUT_CLKEN      ; Untyped                       ;
; CLOCK_ENABLE_CORE_B                ; USE_INPUT_CLKEN      ; Untyped                       ;
; ENABLE_ECC                         ; FALSE                ; Untyped                       ;
; WIDTH_ECCSTATUS                    ; 3                    ; Untyped                       ;
; DEVICE_FAMILY                      ; Cyclone IV E         ; Untyped                       ;
; CBXI_PARAMETER                     ; altsyncram_f791      ; Untyped                       ;
+------------------------------------+----------------------+-------------------------------+
Note: In order to hide this table in the UI and the text report file, please set the "Show Parameter Settings in Synthesis Report" option in "Analysis and Synthesis Settings -> More Settings" to "Off".


+------------------------------------------------------------------------------------------+
; altsyncram Parameter Settings by Entity Instance                                         ;
+-------------------------------------------+----------------------------------------------+
; Name                                      ; Value                                        ;
+-------------------------------------------+----------------------------------------------+
; Number of entity instances                ; 1                                            ;
; Entity Instance                           ; CheatRom:rom|altsyncram:altsyncram_component ;
;     -- OPERATION_MODE                     ; ROM                                          ;
;     -- WIDTH_A                            ; 8                                            ;
;     -- NUMWORDS_A                         ; 4096                                         ;
;     -- OUTDATA_REG_A                      ; CLOCK0                                       ;
;     -- WIDTH_B                            ; 1                                            ;
;     -- NUMWORDS_B                         ; 1                                            ;
;     -- ADDRESS_REG_B                      ; CLOCK1                                       ;
;     -- OUTDATA_REG_B                      ; UNREGISTERED                                 ;
;     -- RAM_BLOCK_TYPE                     ; AUTO                                         ;
;     -- READ_DURING_WRITE_MODE_MIXED_PORTS ; DONT_CARE                                    ;
+-------------------------------------------+----------------------------------------------+


+----------------------------------------------------+
; Port Connectivity Checks: "CheatCode:cheatCode2"   ;
+------------------+-------+----------+--------------+
; Port             ; Type  ; Severity ; Details      ;
+------------------+-------+----------+--------------+
; startIndex[7..4] ; Input ; Info     ; Stuck at GND ;
; startIndex[3]    ; Input ; Info     ; Stuck at VCC ;
; startIndex[2]    ; Input ; Info     ; Stuck at GND ;
; startIndex[1]    ; Input ; Info     ; Stuck at VCC ;
; startIndex[0]    ; Input ; Info     ; Stuck at GND ;
+------------------+-------+----------+--------------+


+----------------------------------------------------+
; Port Connectivity Checks: "CheatCode:cheatCode1"   ;
+------------------+-------+----------+--------------+
; Port             ; Type  ; Severity ; Details      ;
+------------------+-------+----------+--------------+
; startIndex[7..3] ; Input ; Info     ; Stuck at GND ;
; startIndex[2]    ; Input ; Info     ; Stuck at VCC ;
; startIndex[1]    ; Input ; Info     ; Stuck at GND ;
; startIndex[0]    ; Input ; Info     ; Stuck at VCC ;
+------------------+-------+----------+--------------+


+--------------------------------------------------+
; Port Connectivity Checks: "CheatCode:cheatCode0" ;
+------------+-------+----------+------------------+
; Port       ; Type  ; Severity ; Details          ;
+------------+-------+----------+------------------+
; startIndex ; Input ; Info     ; Stuck at GND     ;
+------------+-------+----------+------------------+


+-------------------------------+
; Elapsed Time Per Partition    ;
+----------------+--------------+
; Partition Name ; Elapsed Time ;
+----------------+--------------+
; Top            ; 00:00:02     ;
+----------------+--------------+


+-------------------------------+
; Analysis & Synthesis Messages ;
+-------------------------------+
Info: *******************************************************************
Info: Running Quartus II 64-Bit Analysis & Synthesis
    Info: Version 10.1 Build 197 01/19/2011 Service Pack 1 SJ Web Edition
    Info: Processing started: Tue Nov 27 01:51:00 2018
Info: Command: quartus_map --read_settings_files=on --write_settings_files=off CheatDevice -c CheatDevice
Info: Found 1 design units, including 1 entities, in source file cheatcode.v
    Info: Found entity 1: CheatCode
Info: Found 1 design units, including 1 entities, in source file cheatdevice.v
    Info: Found entity 1: CheatDevice
Info: Found 1 design units, including 1 entities, in source file cheatrom.v
    Info: Found entity 1: CheatRom
Info: Elaborating entity "CheatDevice" for the top level hierarchy
Info: Elaborating entity "CheatCode" for hierarchy "CheatCode:cheatCode0"
Info: Elaborating entity "CheatRom" for hierarchy "CheatRom:rom"
Info: Elaborating entity "altsyncram" for hierarchy "CheatRom:rom|altsyncram:altsyncram_component"
Info: Elaborated megafunction instantiation "CheatRom:rom|altsyncram:altsyncram_component"
Info: Instantiated megafunction "CheatRom:rom|altsyncram:altsyncram_component" with the following parameter:
    Info: Parameter "address_aclr_a" = "NONE"
    Info: Parameter "clock_enable_input_a" = "BYPASS"
    Info: Parameter "clock_enable_output_a" = "BYPASS"
    Info: Parameter "init_file" = "cheat.hex"
    Info: Parameter "intended_device_family" = "Cyclone IV E"
    Info: Parameter "lpm_hint" = "ENABLE_RUNTIME_MOD=NO"
    Info: Parameter "lpm_type" = "altsyncram"
    Info: Parameter "numwords_a" = "4096"
    Info: Parameter "operation_mode" = "ROM"
    Info: Parameter "outdata_aclr_a" = "NONE"
    Info: Parameter "outdata_reg_a" = "CLOCK0"
    Info: Parameter "widthad_a" = "12"
    Info: Parameter "width_a" = "8"
    Info: Parameter "width_byteena_a" = "1"
Info: Found 1 design units, including 1 entities, in source file db/altsyncram_f791.tdf
    Info: Found entity 1: altsyncram_f791
Info: Elaborating entity "altsyncram_f791" for hierarchy "CheatRom:rom|altsyncram:altsyncram_component|altsyncram_f791:auto_generated"
Info: Timing-Driven Synthesis is running
Info: Generating hard_block partition "hard_block:auto_generated_inst"
Info: Implemented 685 device resources after synthesis - the final resource count might be different
    Info: Implemented 22 input pins
    Info: Implemented 29 output pins
    Info: Implemented 626 logic cells
    Info: Implemented 8 RAM segments
Info: Quartus II 64-Bit Analysis & Synthesis was successful. 0 errors, 0 warnings
    Info: Peak virtual memory: 4506 megabytes
    Info: Processing ended: Tue Nov 27 01:51:05 2018
    Info: Elapsed time: 00:00:05
    Info: Total CPU time (on all processors): 00:00:03


