Flow report for CheatDevice
Tue Nov 27 01:51:21 2018
Quartus II 64-Bit Version 10.1 Build 197 01/19/2011 Service Pack 1 SJ Web Edition


---------------------
; Table of Contents ;
---------------------
  1. Legal Notice
  2. Flow Summary
  3. Flow Settings
  4. Flow Non-Default Global Settings
  5. Flow Elapsed Time
  6. Flow OS Summary
  7. Flow Log



----------------
; Legal Notice ;
----------------
Copyright (C) 1991-2011 Altera Corporation
Your use of Altera Corporation's design tools, logic functions 
and other software and tools, and its AMPP partner logic 
functions, and any output files from any of the foregoing 
(including device programming or simulation files), and any 
associated documentation or information are expressly subject 
to the terms and conditions of the Altera Program License 
Subscription Agreement, Altera MegaCore Function License 
Agreement, or other applicable license agreement, including, 
without limitation, that your use is for the sole purpose of 
programming logic devices manufactured by Altera and sold by 
Altera or its authorized distributors.  Please refer to the 
applicable agreement for further details.



+------------------------------------------------------------------------------------+
; Flow Summary                                                                       ;
+------------------------------------+-----------------------------------------------+
; Flow Status                        ; Successful - Tue Nov 27 01:51:19 2018         ;
; Quartus II 64-Bit Version          ; 10.1 Build 197 01/19/2011 SP 1 SJ Web Edition ;
; Revision Name                      ; CheatDevice                                   ;
; Top-level Entity Name              ; CheatDevice                                   ;
; Family                             ; Cyclone IV E                                  ;
; Device                             ; EP4CE22F17C6                                  ;
; Timing Models                      ; Final                                         ;
; Total logic elements               ; 517 / 22,320 ( 2 % )                          ;
;     Total combinational functions  ; 473 / 22,320 ( 2 % )                          ;
;     Dedicated logic registers      ; 301 / 22,320 ( 1 % )                          ;
; Total registers                    ; 343                                           ;
; Total pins                         ; 51 / 154 ( 33 % )                             ;
; Total virtual pins                 ; 0                                             ;
; Total memory bits                  ; 32,768 / 608,256 ( 5 % )                      ;
; Embedded Multiplier 9-bit elements ; 0 / 132 ( 0 % )                               ;
; Total PLLs                         ; 0 / 4 ( 0 % )                                 ;
+------------------------------------+-----------------------------------------------+


+-----------------------------------------+
; Flow Settings                           ;
+-------------------+---------------------+
; Option            ; Setting             ;
+-------------------+---------------------+
; Start date & time ; 11/27/2018 01:51:00 ;
; Main task         ; Compilation         ;
; Revision Name     ; CheatDevice         ;
+-------------------+---------------------+


+----------------------------------------------------------------------------------------------------------------------------------------------------+
; Flow Non-Default Global Settings                                                                                                                   ;
+-------------------------------------+-------------------------------------------------------------------+---------------+-------------+------------+
; Assignment Name                     ; Value                                                             ; Default Value ; Entity Name ; Section Id ;
+-------------------------------------+-------------------------------------------------------------------+---------------+-------------+------------+
; COMPILER_SIGNATURE_ID               ; 10995770589194.154330506011088                                    ; --            ; --          ; --         ;
; IP_TOOL_NAME                        ; ROM: 1-PORT                                                       ; --            ; --          ; --         ;
; IP_TOOL_VERSION                     ; 10.1                                                              ; --            ; --          ; --         ;
; MISC_FILE                           ; C:/altera/projects/Atari2600GameGenie/CheatDevice/CheatDevice.dpf ; --            ; --          ; --         ;
; MISC_FILE                           ; CheatRom_bb.v                                                     ; --            ; --          ; --         ;
; PARTITION_COLOR                     ; 16764057                                                          ; --            ; --          ; Top        ;
; PARTITION_FITTER_PRESERVATION_LEVEL ; PLACEMENT_AND_ROUTING                                             ; --            ; --          ; Top        ;
; PARTITION_NETLIST_TYPE              ; SOURCE                                                            ; --            ; --          ; Top        ;
+-------------------------------------+-------------------------------------------------------------------+---------------+-------------+------------+


+-------------------------------------------------------------------------------------------------------------------------------+
; Flow Elapsed Time                                                                                                             ;
+---------------------------+--------------+-------------------------+---------------------+------------------------------------+
; Module Name               ; Elapsed Time ; Average Processors Used ; Peak Virtual Memory ; Total CPU Time (on all processors) ;
+---------------------------+--------------+-------------------------+---------------------+------------------------------------+
; Analysis & Synthesis      ; 00:00:04     ; 1.0                     ; 4506 MB             ; 00:00:03                           ;
; Fitter                    ; 00:00:09     ; 1.0                     ; 4626 MB             ; 00:00:06                           ;
; Assembler                 ; 00:00:02     ; 1.0                     ; 4488 MB             ; 00:00:01                           ;
; TimeQuest Timing Analyzer ; 00:00:05     ; 1.0                     ; 4528 MB             ; 00:00:03                           ;
; Total                     ; 00:00:20     ; --                      ; --                  ; 00:00:13                           ;
+---------------------------+--------------+-------------------------+---------------------+------------------------------------+


+----------------------------------------------------------------------------------------+
; Flow OS Summary                                                                        ;
+---------------------------+------------------+-----------+------------+----------------+
; Module Name               ; Machine Hostname ; OS Name   ; OS Version ; Processor type ;
+---------------------------+------------------+-----------+------------+----------------+
; Analysis & Synthesis      ; andy-desktop     ; Windows 7 ; 6.2        ; x86_64         ;
; Fitter                    ; andy-desktop     ; Windows 7 ; 6.2        ; x86_64         ;
; Assembler                 ; andy-desktop     ; Windows 7 ; 6.2        ; x86_64         ;
; TimeQuest Timing Analyzer ; andy-desktop     ; Windows 7 ; 6.2        ; x86_64         ;
+---------------------------+------------------+-----------+------------+----------------+


------------
; Flow Log ;
------------
quartus_map --read_settings_files=on --write_settings_files=off CheatDevice -c CheatDevice
quartus_fit --read_settings_files=off --write_settings_files=off CheatDevice -c CheatDevice
quartus_asm --read_settings_files=off --write_settings_files=off CheatDevice -c CheatDevice
quartus_sta CheatDevice -c CheatDevice



